<?xml version="1.0" encoding="utf-8"?><testsuites><testsuite errors="1" failures="0" hostname="LIUMENGJIAdeMacBook-Pro.local" name="pytest" skipped="0" tests="1" time="0.305" timestamp="2020-06-03T16:28:24.869797"><testcase classname="" file="tests/test_json_path.py" name="tests.test_json_path" time="0.000"><error message="collection failure">ImportError while importing test module &apos;/Users/liumengjia/Documents/Project/Interface_Automation/tests/test_json_path.py&apos;.
Hint: make sure your test modules/packages have valid Python names.
Traceback:
tests/test_json_path.py:11: in &lt;module&gt;
    import jsonpath
E   ModuleNotFoundError: No module named &apos;jsonpath&apos;</error></testcase></testsuite></testsuites>