{"name": "test_list2", "status": "failed", "statusDetails": {"message": "AssertionError: assert [0, 1, 2] == [0, 1, [1, 2]]\n  At index 2 diff: 2 != [1, 2]\n  Full diff:\n  - [0, 1, 2]\n  + [0, 1, [1, 2]]\n  ?        ++++  +", "trace": "self = <tests.test_assertions.TestCollections object at 0x10d855ad0>\n\n    def test_list2(self):\n>       assert [0,1,2] == [0,1,[1,2]]\nE       assert [0, 1, 2] == [0, 1, [1, 2]]\nE         At index 2 diff: 2 != [1, 2]\nE         Full diff:\nE         - [0, 1, 2]\nE         + [0, 1, [1, 2]]\nE         ?        ++++  +\n\ntests/test_assertions.py:50: AssertionError"}, "start": 1591177964095, "stop": 1591177964096, "uuid": "2f9192ba-09cf-42a2-a4d2-1b1db74186cb", "historyId": "8799213a80221460c5a992f412a8b00c", "testCaseId": "1000bd682931fe10d0b28d18f717caa4", "fullName": "tests.test_assertions.TestCollections#test_list2", "labels": [{"name": "parentSuite", "value": "tests"}, {"name": "suite", "value": "test_assertions"}, {"name": "subSuite", "value": "TestCollections"}, {"name": "host", "value": "LIUMENGJIAdeMacBook-Pro.local"}, {"name": "thread", "value": "78362-MainThread"}, {"name": "framework", "value": "pytest"}, {"name": "language", "value": "cpython3"}, {"name": "package", "value": "tests.test_assertions"}]}