{"name": "test_list", "status": "failed", "statusDetails": {"message": "AssertionError: assert [0, 1, 2] == [0, 1, 3]\n  At index 2 diff: 2 != 3\n  Full diff:\n  - [0, 1, 2]\n  ?        ^\n  + [0, 1, 3]\n  ?        ^", "trace": "self = <tests.test_assertions.TestCollections object at 0x10d823a50>\n\n    def test_list(self):\n        list1 = [0,1,2]\n        list2 = [0,1,3]\n>       assert list1 == list2\nE       assert [0, 1, 2] == [0, 1, 3]\nE         At index 2 diff: 2 != 3\nE         Full diff:\nE         - [0, 1, 2]\nE         ?        ^\nE         + [0, 1, 3]\nE         ?        ^\n\ntests/test_assertions.py:47: AssertionError"}, "start": 1591177964091, "stop": 1591177964091, "uuid": "01b65507-a283-41e6-9237-f5db3c29ff10", "historyId": "d8ea34b0a2033a4c3ac0689500e3d865", "testCaseId": "1b659a55a44766095001c6cad525f2e7", "fullName": "tests.test_assertions.TestCollections#test_list", "labels": [{"name": "parentSuite", "value": "tests"}, {"name": "suite", "value": "test_assertions"}, {"name": "subSuite", "value": "TestCollections"}, {"name": "host", "value": "LIUMENGJIAdeMacBook-Pro.local"}, {"name": "thread", "value": "78362-MainThread"}, {"name": "framework", "value": "pytest"}, {"name": "language", "value": "cpython3"}, {"name": "package", "value": "tests.test_assertions"}]}