{"name": "test_slow", "status": "failed", "statusDetails": {"message": "AssertionError: assert 0", "trace": "self = <tests.test_marks.TestMarks object at 0x104868450>\n\n    @pytest.mark.slow\n    def test_slow(self):\n        \"\"\"\n        自定义标签\n        :return:\n        \"\"\"\n>       assert 0\nE       assert 0\n\ntests/test_marks.py:55: AssertionError"}, "description": "\n        自定义标签\n        :return:\n        ", "start": 1591176793983, "stop": 1591176793984, "uuid": "fd08a01e-9b20-4c7b-a900-da32d7a3c79d", "historyId": "24b8435a3ca9cff8df9466c08f1734ab", "testCaseId": "6e1337c8350864614010574c5fcd552d", "fullName": "tests.test_marks.TestMarks#test_slow", "labels": [{"name": "tag", "value": "slow"}, {"name": "parentSuite", "value": "tests"}, {"name": "suite", "value": "test_marks"}, {"name": "subSuite", "value": "TestMarks"}, {"name": "host", "value": "LIUMENGJIAdeMacBook-Pro.local"}, {"name": "thread", "value": "78122-MainThread"}, {"name": "framework", "value": "pytest"}, {"name": "language", "value": "cpython3"}, {"name": "package", "value": "tests.test_marks"}]}