{"name": "test_slow", "status": "failed", "statusDetails": {"message": "AssertionError: assert 0", "trace": "self = <tests.test_marks.TestMarks object at 0x10ea0ebd0>\n\n    @pytest.mark.slow\n    def test_slow(self):\n        \"\"\"\n        自定义标签\n        :return:\n        \"\"\"\n>       assert 0\nE       assert 0\n\ntests/test_marks.py:55: AssertionError"}, "description": "\n        自定义标签\n        :return:\n        ", "start": 1591177964336, "stop": 1591177964336, "uuid": "de8b336f-f508-4472-aaec-5437a84f3be7", "historyId": "24b8435a3ca9cff8df9466c08f1734ab", "testCaseId": "6e1337c8350864614010574c5fcd552d", "fullName": "tests.test_marks.TestMarks#test_slow", "labels": [{"name": "tag", "value": "slow"}, {"name": "parentSuite", "value": "tests"}, {"name": "suite", "value": "test_marks"}, {"name": "subSuite", "value": "TestMarks"}, {"name": "host", "value": "LIUMENGJIAdeMacBook-Pro.local"}, {"name": "thread", "value": "78362-MainThread"}, {"name": "framework", "value": "pytest"}, {"name": "language", "value": "cpython3"}, {"name": "package", "value": "tests.test_marks"}]}