{"name": "test_list", "status": "failed", "statusDetails": {"message": "AssertionError: assert [0, 1, 2] == [0, 1, 3]\n  At index 2 diff: 2 != 3\n  Use -v to get the full diff", "trace": "self = <tests.test_assertions.TestCollections object at 0x1035524d0>\n\n    def test_list(self):\n        list1 = [0,1,2]\n        list2 = [0,1,3]\n>       assert list1 == list2\nE       assert [0, 1, 2] == [0, 1, 3]\nE         At index 2 diff: 2 != 3\nE         Use -v to get the full diff\n\ntests/test_assertions.py:47: AssertionError"}, "start": 1591176793769, "stop": 1591176793769, "uuid": "a10d8a85-d075-4bbf-917c-71e4c8ea58c8", "historyId": "d8ea34b0a2033a4c3ac0689500e3d865", "testCaseId": "1b659a55a44766095001c6cad525f2e7", "fullName": "tests.test_assertions.TestCollections#test_list", "labels": [{"name": "parentSuite", "value": "tests"}, {"name": "suite", "value": "test_assertions"}, {"name": "subSuite", "value": "TestCollections"}, {"name": "host", "value": "LIUMENGJIAdeMacBook-Pro.local"}, {"name": "thread", "value": "78122-MainThread"}, {"name": "framework", "value": "pytest"}, {"name": "language", "value": "cpython3"}, {"name": "package", "value": "tests.test_assertions"}]}