{"name": "test_string_4", "status": "failed", "statusDetails": {"message": "AssertionError: assert False\n +  where False = <built-in method startswith of str object at 0x1030211b0>('S')\n +    where <built-in method startswith of str object at 0x1030211b0> = 'streaming'.startswith\n +      where 'streaming' = <function TestStringAssertions.test_string_4.<locals>.func at 0x103526c20>()", "trace": "self = <tests.test_assertions.TestStringAssertions object at 0x10351bbd0>\n\n    def test_string_4(self):\n        def func():\n            return \"streaming\"\n    \n>       assert func().startswith(\"S\")\nE       AssertionError: assert False\nE        +  where False = <built-in method startswith of str object at 0x1030211b0>('S')\nE        +    where <built-in method startswith of str object at 0x1030211b0> = 'streaming'.startswith\nE        +      where 'streaming' = <function TestStringAssertions.test_string_4.<locals>.func at 0x103526c20>()\n\ntests/test_assertions.py:27: AssertionError"}, "start": 1591176793753, "stop": 1591176793753, "uuid": "cf63ee68-2f20-4eb8-8925-9b5273cca464", "historyId": "fb0432917f1af6b042493e5dfbbbb362", "testCaseId": "9f6e7aed8f0de1d1b3e1a828f66707dc", "fullName": "tests.test_assertions.TestStringAssertions#test_string_4", "labels": [{"name": "parentSuite", "value": "tests"}, {"name": "suite", "value": "test_assertions"}, {"name": "subSuite", "value": "TestStringAssertions"}, {"name": "host", "value": "LIUMENGJIAdeMacBook-Pro.local"}, {"name": "thread", "value": "78122-MainThread"}, {"name": "framework", "value": "pytest"}, {"name": "language", "value": "cpython3"}, {"name": "package", "value": "tests.test_assertions"}]}