{"name": "test_string_3", "status": "failed", "statusDetails": {"message": "AssertionError: assert 'foo\\nspam\\nbar' == 'foo\\neggs\\nbar'\n    foo\n  - spam\n  + eggs\n    bar", "trace": "self = <tests.test_assertions.TestStringAssertions object at 0x10351e690>\n\n    def test_string_3(self):\n>       assert \"foo\\nspam\\nbar\" == \"foo\\neggs\\nbar\"\nE       AssertionError: assert 'foo\\nspam\\nbar' == 'foo\\neggs\\nbar'\nE           foo\nE         - spam\nE         + eggs\nE           bar\n\ntests/test_assertions.py:21: AssertionError"}, "start": 1591176793749, "stop": 1591176793749, "uuid": "e9f59c1a-5b98-4002-bcf9-d4c67cb59f6a", "historyId": "a20113d4dc1fbffdc25108fbe291e249", "testCaseId": "2bc215acf08ad0946da6911a0ddcf193", "fullName": "tests.test_assertions.TestStringAssertions#test_string_3", "labels": [{"name": "parentSuite", "value": "tests"}, {"name": "suite", "value": "test_assertions"}, {"name": "subSuite", "value": "TestStringAssertions"}, {"name": "host", "value": "LIUMENGJIAdeMacBook-Pro.local"}, {"name": "thread", "value": "78122-MainThread"}, {"name": "framework", "value": "pytest"}, {"name": "language", "value": "cpython3"}, {"name": "package", "value": "tests.test_assertions"}]}