{"name": "test_string_2", "status": "failed", "statusDetails": {"message": "AssertionError: assert 'foo 1 bar' == 'foo 2 bar'\n  - foo 1 bar\n  ?     ^\n  + foo 2 bar\n  ?     ^", "trace": "self = <tests.test_assertions.TestStringAssertions object at 0x10351b650>\n\n    def test_string_2(self):\n>       assert \"foo 1 bar\" == \"foo 2 bar\"\nE       AssertionError: assert 'foo 1 bar' == 'foo 2 bar'\nE         - foo 1 bar\nE         ?     ^\nE         + foo 2 bar\nE         ?     ^\n\ntests/test_assertions.py:18: AssertionError"}, "start": 1591176793745, "stop": 1591176793745, "uuid": "2f6e0b38-edf3-44cb-98ee-9b7b10dae080", "historyId": "beecfaa6debd3672eebec86c96e2bfd8", "testCaseId": "fd19bfb61dbf7a1842574f9c88cb7d2b", "fullName": "tests.test_assertions.TestStringAssertions#test_string_2", "labels": [{"name": "parentSuite", "value": "tests"}, {"name": "suite", "value": "test_assertions"}, {"name": "subSuite", "value": "TestStringAssertions"}, {"name": "host", "value": "LIUMENGJIAdeMacBook-Pro.local"}, {"name": "thread", "value": "78122-MainThread"}, {"name": "framework", "value": "pytest"}, {"name": "language", "value": "cpython3"}, {"name": "package", "value": "tests.test_assertions"}]}