{
  "uid" : "18255ff100e2372d",
  "name" : "test_list3",
  "fullName" : "tests.test_assertions.TestCollections#test_list3",
  "historyId" : "f41f6d01134d681b0f77d0ee8debd4ef",
  "time" : {
    "start" : 1591177964100,
    "stop" : 1591177964100,
    "duration" : 0
  },
  "status" : "failed",
  "statusMessage" : "AssertionError: assert 2 in [0, 1, [1, 2]]",
  "statusTrace" : "self = <tests.test_assertions.TestCollections object at 0x10d85d410>\n\n    def test_list3(self):\n>       assert 2 in [0,1,[1,2]]\nE       assert 2 in [0, 1, [1, 2]]\n\ntests/test_assertions.py:53: AssertionError",
  "flaky" : false,
  "newFailed" : false,
  "beforeStages" : [ ],
  "afterStages" : [ ],
  "labels" : [ {
    "name" : "parentSuite",
    "value" : "tests"
  }, {
    "name" : "suite",
    "value" : "test_assertions"
  }, {
    "name" : "subSuite",
    "value" : "TestCollections"
  }, {
    "name" : "host",
    "value" : "LIUMENGJIAdeMacBook-Pro.local"
  }, {
    "name" : "thread",
    "value" : "78362-MainThread"
  }, {
    "name" : "framework",
    "value" : "pytest"
  }, {
    "name" : "language",
    "value" : "cpython3"
  }, {
    "name" : "package",
    "value" : "tests.test_assertions"
  }, {
    "name" : "resultFormat",
    "value" : "allure2"
  } ],
  "parameters" : [ ],
  "links" : [ ],
  "hidden" : false,
  "retry" : false,
  "extra" : {
    "severity" : "normal",
    "retries" : [ {
      "uid" : "df4a90822723a38b",
      "status" : "failed",
      "statusDetails" : "AssertionError: assert 2 in [0, 1, [1, 2]]",
      "time" : {
        "start" : 1591176793776,
        "stop" : 1591176793777,
        "duration" : 1
      }
    } ],
    "categories" : [ {
      "name" : "Product defects",
      "matchedStatuses" : [ ],
      "flaky" : false
    } ],
    "tags" : [ ]
  },
  "source" : "18255ff100e2372d.json",
  "parameterValues" : [ ]
}