{
  "uid" : "b3ebdf08ab14408c",
  "name" : "test_func",
  "fullName" : "tests.test_assertions#test_func",
  "historyId" : "c7deb80c02a641c44581a601d8aa78ec",
  "time" : {
    "start" : 1591176793757,
    "stop" : 1591176793757,
    "duration" : 0
  },
  "status" : "failed",
  "statusMessage" : "AssertionError: assert [1, 2, 3] == [1, 2, 4]\n  At index 2 diff: 3 != 4\n  Use -v to get the full diff",
  "statusTrace" : "def test_func():\n        def func():\n            return [1,2,3]\n    \n>       assert func() == [1,2,4]\nE       assert [1, 2, 3] == [1, 2, 4]\nE         At index 2 diff: 3 != 4\nE         Use -v to get the full diff\n\ntests/test_assertions.py:33: AssertionError",
  "flaky" : false,
  "newFailed" : false,
  "beforeStages" : [ ],
  "afterStages" : [ ],
  "labels" : [ {
    "name" : "parentSuite",
    "value" : "tests"
  }, {
    "name" : "suite",
    "value" : "test_assertions"
  }, {
    "name" : "host",
    "value" : "LIUMENGJIAdeMacBook-Pro.local"
  }, {
    "name" : "thread",
    "value" : "78122-MainThread"
  }, {
    "name" : "framework",
    "value" : "pytest"
  }, {
    "name" : "language",
    "value" : "cpython3"
  }, {
    "name" : "package",
    "value" : "tests.test_assertions"
  }, {
    "name" : "resultFormat",
    "value" : "allure2"
  } ],
  "parameters" : [ ],
  "links" : [ ],
  "hidden" : true,
  "retry" : true,
  "extra" : {
    "categories" : [ ],
    "tags" : [ ]
  },
  "source" : "b3ebdf08ab14408c.json",
  "parameterValues" : [ ]
}