{
  "uid" : "df4a90822723a38b",
  "name" : "test_list3",
  "fullName" : "tests.test_assertions.TestCollections#test_list3",
  "historyId" : "f41f6d01134d681b0f77d0ee8debd4ef",
  "time" : {
    "start" : 1591176793776,
    "stop" : 1591176793777,
    "duration" : 1
  },
  "status" : "failed",
  "statusMessage" : "AssertionError: assert 2 in [0, 1, [1, 2]]",
  "statusTrace" : "self = <tests.test_assertions.TestCollections object at 0x10354b510>\n\n    def test_list3(self):\n>       assert 2 in [0,1,[1,2]]\nE       assert 2 in [0, 1, [1, 2]]\n\ntests/test_assertions.py:53: AssertionError",
  "flaky" : false,
  "newFailed" : false,
  "beforeStages" : [ ],
  "afterStages" : [ ],
  "labels" : [ {
    "name" : "parentSuite",
    "value" : "tests"
  }, {
    "name" : "suite",
    "value" : "test_assertions"
  }, {
    "name" : "subSuite",
    "value" : "TestCollections"
  }, {
    "name" : "host",
    "value" : "LIUMENGJIAdeMacBook-Pro.local"
  }, {
    "name" : "thread",
    "value" : "78122-MainThread"
  }, {
    "name" : "framework",
    "value" : "pytest"
  }, {
    "name" : "language",
    "value" : "cpython3"
  }, {
    "name" : "package",
    "value" : "tests.test_assertions"
  }, {
    "name" : "resultFormat",
    "value" : "allure2"
  } ],
  "parameters" : [ ],
  "links" : [ ],
  "hidden" : true,
  "retry" : true,
  "extra" : {
    "categories" : [ ],
    "tags" : [ ]
  },
  "source" : "df4a90822723a38b.json",
  "parameterValues" : [ ]
}